[21:37:33] [main/INFO]: Loading for game Minecraft 1.17.1
[21:37:33] [main/INFO]: [FabricLoader] Loading 77 mods:
	- aopalliance_aopalliance@1.0
	- com_fasterxml_jackson_core_jackson-annotations@2.12.3
	- com_fasterxml_jackson_core_jackson-core@2.12.3
	- com_fasterxml_jackson_core_jackson-databind@2.12.3
	- com_fasterxml_jackson_dataformat_jackson-dataformat-yaml@2.12.3
	- com_fasterxml_jackson_module_jackson-module-kotlin@2.12.3
	- com_google_inject_guice@5.0.1
	- fabric@0.37.1+1.17
	- fabric-api-base@0.3.0+a02b446318
	- fabric-api-lookup-api-v1@1.2.0+2b5c62d018
	- fabric-biome-api-v1@3.1.11+c345aea818
	- fabric-blockrenderlayer-v1@1.1.5+a02b446318
	- fabric-command-api-v1@1.1.3+5ab9934c18
	- fabric-commands-v0@0.2.2+92519afa18
	- fabric-containers-v0@0.1.12+a02b446318
	- fabric-content-registries-v0@0.2.2+a02b446318
	- fabric-crash-report-info-v1@0.1.5+be9da31018
	- fabric-dimensions-v1@2.0.11+6cefd57718
	- fabric-entity-events-v1@1.1.0+a02b446318
	- fabric-events-interaction-v0@0.4.9+a722d8c018
	- fabric-events-lifecycle-v0@0.2.1+92519afa18
	- fabric-game-rule-api-v1@1.0.7+6cefd57718
	- fabric-item-api-v1@1.2.4+a02b446318
	- fabric-item-groups-v0@0.2.10+b7ab612118
	- fabric-key-binding-api-v1@1.0.4+a02b446318
	- fabric-keybindings-v0@0.2.2+36b77c3e18
	- fabric-language-kotlin@1.6.2+kotlin.1.5.20
	- fabric-lifecycle-events-v1@1.4.4+a02b446318
	- fabric-loot-tables-v1@1.0.4+a02b446318
	- fabric-mining-levels-v0@0.1.3+92519afa18
	- fabric-models-v0@0.3.0+a02b446318
	- fabric-networking-api-v1@1.0.12+6cefd57718
	- fabric-networking-blockentity-v0@0.2.11+a02b446318
	- fabric-networking-v0@0.3.2+92519afa18
	- fabric-object-builder-api-v1@1.10.9+b7ab612118
	- fabric-object-builders-v0@0.7.3+a02b446318
	- fabric-particles-v1@0.2.4+a02b446318
	- fabric-registry-sync-v0@0.7.10+e2961fee18
	- fabric-renderer-api-v1@0.4.4+5f02c96918
	- fabric-renderer-indigo@0.4.8+a02b446318
	- fabric-renderer-registries-v1@3.2.0+a02b446318
	- fabric-rendering-data-attachment-v1@0.1.5+a02b446318
	- fabric-rendering-fluids-v1@0.1.13+a02b446318
	- fabric-rendering-v0@1.1.2+92519afa18
	- fabric-rendering-v1@1.6.0+a02b446318
	- fabric-resource-loader-v0@0.4.8+a00e834b18
	- fabric-screen-api-v1@1.0.4+155f865c18
	- fabric-screen-handler-api-v1@1.1.8+a02b446318
	- fabric-structure-api-v1@1.1.13+5ab9934c18
	- fabric-tag-extensions-v0@1.1.4+a02b446318
	- fabric-textures-v0@1.0.6+a02b446318
	- fabric-tool-attribute-api-v1@1.2.12+b7ab612118
	- fabric-transfer-api-v1@1.0.0+3fe3c3f518
	- fabricloader@0.11.6
	- gunpowder-base@1.0.6+1.17
	- gunpowder-currency@1.0.6+gunpowder.1.0.6.mc.1.17
	- gunpowder-permissions@1.0.0+gunpowder.1.0.4.mc.1.17
	- java@16
	- javax_inject_javax_inject@1
	- minecraft@1.17.1
	- mysql_mysql-connector-java@8.0.25
	- org_jetbrains_exposed_exposed-core@0.32.1
	- org_jetbrains_exposed_exposed-java-time@0.32.1
	- org_jetbrains_exposed_exposed-jdbc@0.32.1
	- org_jetbrains_kotlin_kotlin-reflect@1.5.20
	- org_jetbrains_kotlin_kotlin-stdlib@1.5.20
	- org_jetbrains_kotlin_kotlin-stdlib-jdk7@1.5.20
	- org_jetbrains_kotlin_kotlin-stdlib-jdk8@1.5.20
	- org_jetbrains_kotlinx_kotlinx-coroutines-core-jvm@1.5.0
	- org_jetbrains_kotlinx_kotlinx-coroutines-jdk8@1.5.0
	- org_jetbrains_kotlinx_kotlinx-serialization-core-jvm@1.2.1
	- org_jetbrains_kotlinx_kotlinx-serialization-json-jvm@1.2.1
	- org_postgresql_postgresql@42.2.22
	- org_slf4j_slf4j-api@2.0.0-alpha1
	- org_xerial_sqlite-jdbc@3.36.0.1
	- org_yaml_snakeyaml@1.29
	- permissions-api@0.1.0-alpha1
[21:37:33] [main/WARN]: Mod `org_xerial_sqlite-jdbc` (3.36.0.1) uses more dot-separated version components than SemVer allows; support for this is currently not guaranteed.
[21:37:34] [main/INFO]: SpongePowered MIXIN Subsystem Version=0.8.2 Source=file:/home/naru/.minecraft/libraries/net/fabricmc/sponge-mixin/0.9.4+mixin.0.8.2/sponge-mixin-0.9.4+mixin.0.8.2.jar Service=Knot/Fabric Env=CLIENT
[21:37:34] [main/INFO]: Compatibility level set to JAVA_16
[21:37:34] [main/WARN]: @Mixin target net/minecraft/class_2474$class_5124 is public in fabric-tag-extensions-v0.mixins.json:MixinObjectBuilder and should be specified in value
[21:37:37] [Render thread/INFO]: Environment: authHost='https://authserver.mojang.com', accountsHost='https://api.mojang.com', sessionHost='https://sessionserver.mojang.com', servicesHost='https://api.minecraftservices.com', name='PROD'
[21:37:38] [Render thread/INFO]: Setting user: Miss_Naru
[21:37:38] [Render thread/WARN]: @Inject(@At("INVOKE")) Shift.BY=3 on fabric-lifecycle-events-v1.mixins.json:client.WorldChunkMixin::handler$zzn000$onLoadBlockEntity exceeds the maximum allowed value: 0. Increase the value of maxShiftBy to suppress this warning.
[21:37:39] [Render thread/INFO]: Starting Gunpowder
[21:37:39] [Render thread/INFO]: Loading modules
[21:37:39] [Render thread/INFO]: Loading module permissions, provided by gunpowder-permissions
[21:37:39] [Render thread/INFO]: Loading module base, provided by gunpowder-base
[21:37:39] [Render thread/INFO]: Loading module currency, provided by gunpowder-currency
[21:37:40] [Render thread/INFO]: [Indigo] Registering Indigo renderer!
[21:37:40] [Render thread/INFO]: Backend library: LWJGL version 3.2.2 build 10
[21:37:42] [Render thread/INFO]: Narrator library successfully loaded
[21:37:42] [Render thread/INFO]: Reloading ResourceManager: Default, Fabric Mods (Fabric Renderer API (v1), Fabric Key Bindings (v0), Gunpowder, Fabric Loader, Fabric Structure API (v1), Fabric Containers (v0), Fabric Dimensions API (v1), Fabric Object Builder API (v1), Fabric Game Rule API (v1), Fabric API Base, Fabric Rendering Data Attachment (v1), Fabric Textures (v0), Fabric Rendering Fluids (v1), Fabric BlockRenderLayer Registration (v1), Fabric Lifecycle Events (v1), Fabric Renderer Registries (v1), Fabric Loot Tables (v1), Fabric API, Fabric Particles (v1), Fabric Networking (v0), Fabric API Lookup API (v1), Fabric Networking Block Entity (v0), Fabric Screen Handler API (v1), Fabric Command API (v1), Fabric Screen API (v1), Fabric Tool Attribute API (v1), Fabric Renderer - Indigo, Fabric Events Interaction (v0), Fabric Crash Report Info (v1), Fabric Item API (v1), Fabric Language Kotlin, Fabric Entity Events (v1), Fabric Rendering (v0), Fabric Key Binding API (v1), Fabric Rendering (v1), Fabric Resource Loader (v0), Fabric Content Registries (v0), Fabric Tag Extensions (v0), Fabric Biome API (v1), Fabric Commands (v0), Fabric Registry Sync (v0), Fabric Mining Levels (v0), Fabric Networking API (v1), Fabric Events Lifecycle (v0), Fabric Item Groups (v0), Fabric Models (v0), Fabric Object Builders (v0))
[21:37:44] [Render thread/INFO]: OpenAL initialized.
[21:37:44] [Render thread/INFO]: Sound engine started
[21:37:44] [Render thread/INFO]: Created: 1024x1024x4 minecraft:textures/atlas/blocks.png-atlas
[21:37:44] [Render thread/INFO]: Created: 256x128x4 minecraft:textures/atlas/signs.png-atlas
[21:37:44] [Render thread/INFO]: Created: 1024x512x4 minecraft:textures/atlas/banner_patterns.png-atlas
[21:37:44] [Render thread/INFO]: Created: 1024x512x4 minecraft:textures/atlas/shield_patterns.png-atlas
[21:37:44] [Render thread/INFO]: Created: 256x256x4 minecraft:textures/atlas/chest.png-atlas
[21:37:44] [Render thread/INFO]: Created: 512x256x4 minecraft:textures/atlas/beds.png-atlas
[21:37:44] [Render thread/INFO]: Created: 512x256x4 minecraft:textures/atlas/shulker_boxes.png-atlas
[21:37:45] [Render thread/INFO]: Created: 256x256x0 minecraft:textures/atlas/particles.png-atlas
[21:37:45] [Render thread/INFO]: Created: 256x256x0 minecraft:textures/atlas/paintings.png-atlas
[21:37:45] [Render thread/INFO]: Created: 256x128x0 minecraft:textures/atlas/mob_effects.png-atlas
[21:38:03] [Render thread/INFO]: Applied 0 biome modifications to 0 of 81 new biomes in 1.362 ms
[21:38:03] [Render thread/WARN]: Ambiguity between arguments [teleport, location] and [teleport, destination] with inputs: [0.1 -0.5 .9, 0 0 0]
[21:38:03] [Render thread/WARN]: Ambiguity between arguments [teleport, location] and [teleport, targets] with inputs: [0.1 -0.5 .9, 0 0 0]
[21:38:03] [Render thread/WARN]: Ambiguity between arguments [teleport, destination] and [teleport, targets] with inputs: [Player, 0123, @e, dd12be42-52a9-4a91-a8a1-11c01849e498]
[21:38:03] [Render thread/WARN]: Ambiguity between arguments [teleport, targets] and [teleport, destination] with inputs: [Player, 0123, dd12be42-52a9-4a91-a8a1-11c01849e498]
[21:38:03] [Render thread/WARN]: Ambiguity between arguments [teleport, targets, location] and [teleport, targets, destination] with inputs: [0.1 -0.5 .9, 0 0 0]
[21:38:03] [Render thread/WARN]: Ambiguity between arguments [help, page] and [help, command] with inputs: [0, -123, 123]
[21:38:03] [Render thread/WARN]: Ambiguity between arguments [bal, top] and [bal, player] with inputs: [top]
[21:38:03] [Render thread/WARN]: Ambiguity between arguments [balance, top] and [balance, player] with inputs: [top]
[21:38:03] [Render thread/WARN]: Ambiguity between arguments [money, top] and [money, player] with inputs: [top]
[21:38:03] [Render thread/INFO]: Reloading ResourceManager: Default, Fabric Mods (Fabric Tool Attribute API (v1))
[21:38:03] [Render thread/INFO]: Loaded 7 recipes
[21:38:03] [Render thread/INFO]: Loaded 1137 advancements
[21:38:04] [Render thread/INFO]: Environment: authHost='https://authserver.mojang.com', accountsHost='https://api.mojang.com', sessionHost='https://sessionserver.mojang.com', servicesHost='https://api.minecraftservices.com', name='PROD'
[21:38:04] [Server thread/INFO]: Registered main providers (1): Gunpowder Permissions (gunpowder-permissions)
[21:38:04] [Server thread/INFO]: Selected permission provider: Gunpowder Permissions (gunpowder-permissions)
[21:38:04] [Server thread/INFO]: Starting integrated minecraft server version 1.17.1
[21:38:04] [Server thread/INFO]: Generating keypair
[21:38:04] [Server thread/INFO]: Preparing start region for dimension minecraft:overworld
[21:38:04] [Render thread/INFO]: Preparing spawn area: 0%
[21:38:05] [Render thread/INFO]: Preparing spawn area: 0%
[21:38:07] [Render thread/INFO]: Preparing spawn area: 0%
[21:38:07] [Render thread/INFO]: Preparing spawn area: 0%
[21:38:07] [Render thread/INFO]: Preparing spawn area: 0%
[21:38:07] [Render thread/INFO]: Preparing spawn area: 0%
[21:38:07] [Render thread/INFO]: Preparing spawn area: 48%
[21:38:08] [Render thread/INFO]: Preparing spawn area: 70%
[21:38:08] [Render thread/INFO]: Preparing spawn area: 84%
[21:38:09] [Render thread/INFO]: Time elapsed: 4427 ms
[21:38:09] [Gunpowder Database Thread/INFO]: [STDERR]: java.util.ServiceConfigurationError: org.slf4j.spi.SLF4JServiceProvider: org.apache.logging.slf4j.SLF4JServiceProvider not a subtype
[21:38:09] [Gunpowder Database Thread/INFO]: [STDERR]: 	at java.base/java.util.ServiceLoader.fail(ServiceLoader.java:589)
[21:38:09] [Gunpowder Database Thread/INFO]: [STDERR]: 	at java.base/java.util.ServiceLoader$LazyClassPathLookupIterator.hasNextService(ServiceLoader.java:1236)
[21:38:09] [Gunpowder Database Thread/INFO]: [STDERR]: 	at java.base/java.util.ServiceLoader$LazyClassPathLookupIterator.hasNext(ServiceLoader.java:1264)
[21:38:09] [Gunpowder Database Thread/INFO]: [STDERR]: 	at java.base/java.util.ServiceLoader$2.hasNext(ServiceLoader.java:1299)
[21:38:09] [Gunpowder Database Thread/INFO]: [STDERR]: 	at java.base/java.util.ServiceLoader$3.hasNext(ServiceLoader.java:1383)
[21:38:09] [Gunpowder Database Thread/INFO]: [STDERR]: 	at org.slf4j.LoggerFactory.findServiceProviders(LoggerFactory.java:104)
[21:38:09] [Gunpowder Database Thread/INFO]: [STDERR]: 	at org.slf4j.LoggerFactory.bind(LoggerFactory.java:147)
[21:38:09] [Gunpowder Database Thread/INFO]: [STDERR]: 	at org.slf4j.LoggerFactory.performInitialization(LoggerFactory.java:139)
[21:38:09] [Gunpowder Database Thread/INFO]: [STDERR]: 	at org.slf4j.LoggerFactory.getProvider(LoggerFactory.java:418)
[21:38:09] [Gunpowder Database Thread/INFO]: [STDERR]: 	at org.slf4j.LoggerFactory.getILoggerFactory(LoggerFactory.java:404)
[21:38:09] [Gunpowder Database Thread/INFO]: [STDERR]: 	at org.slf4j.LoggerFactory.getLogger(LoggerFactory.java:353)
[21:38:09] [Gunpowder Database Thread/INFO]: [STDERR]: 	at org.jetbrains.exposed.sql.SQLLogKt.<clinit>(SQLLog.kt:14)
[21:38:09] [Gunpowder Database Thread/INFO]: [STDERR]: 	at org.jetbrains.exposed.sql.Transaction.<init>(Transaction.kt:59)
[21:38:09] [Gunpowder Database Thread/INFO]: [STDERR]: 	at org.jetbrains.exposed.sql.transactions.ThreadLocalTransactionManager.newTransaction(ThreadLocalTransactionManager.kt:29)
[21:38:09] [Gunpowder Database Thread/INFO]: [STDERR]: 	at org.jetbrains.exposed.sql.transactions.ThreadLocalTransactionManagerKt.inTopLevelTransaction$run(ThreadLocalTransactionManager.kt:170)
[21:38:09] [Gunpowder Database Thread/INFO]: [STDERR]: 	at org.jetbrains.exposed.sql.transactions.ThreadLocalTransactionManagerKt.access$inTopLevelTransaction$run(ThreadLocalTransactionManager.kt:1)
[21:38:09] [Gunpowder Database Thread/INFO]: [STDERR]: 	at org.jetbrains.exposed.sql.transactions.ThreadLocalTransactionManagerKt$inTopLevelTransaction$1.invoke(ThreadLocalTransactionManager.kt:194)
[21:38:09] [Gunpowder Database Thread/INFO]: [STDERR]: 	at org.jetbrains.exposed.sql.transactions.ThreadLocalTransactionManagerKt.keepAndRestoreTransactionRefAfterRun(ThreadLocalTransactionManager.kt:202)
[21:38:09] [Gunpowder Database Thread/INFO]: [STDERR]: 	at org.jetbrains.exposed.sql.transactions.ThreadLocalTransactionManagerKt.inTopLevelTransaction(ThreadLocalTransactionManager.kt:193)
[21:38:09] [Gunpowder Database Thread/INFO]: [STDERR]: 	at org.jetbrains.exposed.sql.transactions.ThreadLocalTransactionManagerKt$transaction$1.invoke(ThreadLocalTransactionManager.kt:151)
[21:38:09] [Gunpowder Database Thread/INFO]: [STDERR]: 	at org.jetbrains.exposed.sql.transactions.ThreadLocalTransactionManagerKt.keepAndRestoreTransactionRefAfterRun(ThreadLocalTransactionManager.kt:202)
[21:38:09] [Gunpowder Database Thread/INFO]: [STDERR]: 	at org.jetbrains.exposed.sql.transactions.ThreadLocalTransactionManagerKt.transaction(ThreadLocalTransactionManager.kt:123)
[21:38:09] [Gunpowder Database Thread/INFO]: [STDERR]: 	at org.jetbrains.exposed.sql.transactions.ThreadLocalTransactionManagerKt.transaction(ThreadLocalTransactionManager.kt:121)
[21:38:09] [Gunpowder Database Thread/INFO]: [STDERR]: 	at io.github.gunpowder.entities.database.AbstractDatabase$createThread$1.invoke(AbstractDatabase.java:66)
[21:38:09] [Gunpowder Database Thread/INFO]: [STDERR]: 	at io.github.gunpowder.entities.database.AbstractDatabase$createThread$1.invoke(AbstractDatabase.java:61)
[21:38:09] [Gunpowder Database Thread/INFO]: [STDERR]: 	at kotlin.concurrent.ThreadsKt$thread$thread$1.run(Thread.kt:30)
[21:38:09] [Server thread/INFO]: Changing view distance to 11, from 10
[21:38:09] [Server thread/INFO]: Miss_Naru[local:E:e7b5f53d] logged in with entity id 258 at (-50.434421616453704, 66.0, -141.7357887886681)
[21:38:09] [Netty Local Client IO #0/INFO]: Applied 0 biome modifications to 0 of 81 new biomes in 240.7 μs
